{"apps/avai/src/contracts/BaseVault.sol":{"l":{"60":33,"61":33,"63":33,"64":33,"65":33,"66":33,"68":33,"70":33,"72":33,"73":33,"75":33,"82":0,"83":0,"84":0,"85":0,"91":0,"95":0,"102":11,"112":0,"116":0,"126":2,"127":1,"134":2,"135":1,"145":0,"149":0,"156":0,"163":0,"170":0,"171":0,"179":2,"180":2,"187":2,"203":0,"204":0,"207":0,"208":0,"211":0,"212":0,"215":0,"216":0,"218":0,"229":0,"235":0,"238":0,"248":0,"250":0,"252":0,"253":0,"255":0,"257":0,"259":0,"278":0,"280":0,"281":0,"284":0,"286":0,"287":0,"288":0,"289":0,"291":0,"304":0,"307":0,"309":0,"311":0,"329":0,"334":0,"336":0,"337":0,"343":0,"344":0,"346":0,"360":0,"361":0,"369":0,"371":0,"376":0,"379":0,"381":0,"383":0,"388":0,"390":0,"391":0,"393":0,"396":0,"397":0,"399":0,"401":0,"403":0,"405":0,"407":0,"418":0,"419":0,"422":0,"433":0,"434":0,"437":0,"451":0,"455":0,"457":0,"460":0,"473":0,"475":0,"476":0,"481":0,"482":0,"484":0,"486":0,"500":0,"502":0,"507":0,"508":0,"510":0,"511":0,"513":0,"514":0,"524":0,"525":0,"527":0,"534":0,"535":0,"537":0,"545":0,"555":0},"path":"/home/bromma/ursa/apps/avai/src/contracts/BaseVault.sol","s":{"1":33,"2":33,"3":33,"4":33,"5":33,"6":33,"7":33,"8":33,"9":33,"10":33,"11":33,"12":0,"13":0,"14":0,"15":0,"16":11,"17":0,"18":0,"19":2,"20":1,"21":2,"22":1,"23":0,"24":0,"25":0,"26":0,"27":0,"28":0,"29":2,"30":2,"31":2,"32":0,"33":0,"34":0,"35":0,"36":0,"37":0,"38":0,"39":0,"40":0,"41":0,"42":0,"43":0,"44":0,"45":0,"46":0,"47":0,"48":0,"49":0,"50":0,"51":0,"52":0,"53":0,"54":0,"55":0,"56":0,"57":0,"58":0,"59":0,"60":0,"61":0,"62":0,"63":0,"64":0,"65":0,"66":0,"67":0,"68":0,"69":0,"70":0,"71":0,"72":0,"73":0,"74":0,"75":0,"76":0,"77":0,"78":0,"79":0,"80":0,"81":0,"82":0,"83":0,"84":0,"85":0,"86":0,"87":0,"88":0,"89":0,"90":0,"91":0,"92":0,"93":0,"94":0,"95":0,"96":0,"97":0,"98":0,"99":0,"100":0,"101":0,"102":0,"103":0,"104":0,"105":0,"106":0,"107":0,"108":0,"109":0,"110":0,"111":0,"112":0,"113":0,"114":0,"115":0,"116":0,"117":0,"118":0},"b":{"1":[0,0],"2":[0,0],"3":[0,0],"4":[0,0],"5":[0,0],"6":[1,1],"7":[1,1],"8":[0,0],"9":[0,0],"10":[0,0],"11":[0,0],"12":[0,0],"13":[0,0],"14":[0,0],"15":[0,0],"16":[0,0],"17":[0,0],"18":[0,0],"19":[0,0],"20":[0,0],"21":[0,0],"22":[0,0],"23":[0,0]},"f":{"1":33,"2":0,"3":0,"4":11,"5":0,"6":2,"7":2,"8":0,"9":0,"10":0,"11":0,"12":2,"13":2,"14":0,"15":0,"16":0,"17":0,"18":0,"19":0,"20":0,"21":0,"22":0,"23":0,"24":0,"25":0,"26":0,"27":0,"28":0,"29":0},"fnMap":{"1":{"name":"constructor","line":59,"loc":{"start":{"line":52,"column":2},"end":{"line":76,"column":2}}},"2":{"name":"onlyVaultOwner","line":81,"loc":{"start":{"line":81,"column":2},"end":{"line":86,"column":2}}},"3":{"name":"onlyLiquidater","line":90,"loc":{"start":{"line":90,"column":2},"end":{"line":96,"column":2}}},"4":{"name":"vaultCount","line":101,"loc":{"start":{"line":101,"column":2},"end":{"line":103,"column":2}}},"5":{"name":"setDebtCeiling","line":110,"loc":{"start":{"line":108,"column":2},"end":{"line":117,"column":2}}},"6":{"name":"setPriceSource","line":124,"loc":{"start":{"line":122,"column":2},"end":{"line":128,"column":2}}},"7":{"name":"setTokenPeg","line":133,"loc":{"start":{"line":133,"column":2},"end":{"line":136,"column":2}}},"8":{"name":"setStabiltyPool","line":143,"loc":{"start":{"line":141,"column":2},"end":{"line":150,"column":2}}},"9":{"name":"setClosingFee","line":155,"loc":{"start":{"line":155,"column":2},"end":{"line":157,"column":2}}},"10":{"name":"setOpeningFee","line":162,"loc":{"start":{"line":162,"column":2},"end":{"line":164,"column":2}}},"11":{"name":"setTreasury","line":169,"loc":{"start":{"line":169,"column":2},"end":{"line":172,"column":2}}},"12":{"name":"getPriceSource","line":177,"loc":{"start":{"line":177,"column":2},"end":{"line":181,"column":2}}},"13":{"name":"getPricePeg","line":186,"loc":{"start":{"line":186,"column":2},"end":{"line":188,"column":2}}},"14":{"name":"calculateCollateralProperties","line":198,"loc":{"start":{"line":198,"column":2},"end":{"line":219,"column":2}}},"15":{"name":"isValidCollateral","line":224,"loc":{"start":{"line":224,"column":2},"end":{"line":239,"column":2}}},"16":{"name":"createVault","line":246,"loc":{"start":{"line":246,"column":2},"end":{"line":260,"column":2}}},"17":{"name":"destroyVault","line":276,"loc":{"start":{"line":271,"column":2},"end":{"line":292,"column":2}}},"18":{"name":"transferVault","line":302,"loc":{"start":{"line":299,"column":2},"end":{"line":312,"column":2}}},"19":{"name":"withdrawCollateral","line":327,"loc":{"start":{"line":323,"column":2},"end":{"line":347,"column":2}}},"20":{"name":"buyRiskyVault","line":359,"loc":{"start":{"line":359,"column":2},"end":{"line":408,"column":2}}},"21":{"name":"addVaultCollateral","line":416,"loc":{"start":{"line":414,"column":2},"end":{"line":423,"column":2}}},"22":{"name":"addVaultCollateralTreasury","line":431,"loc":{"start":{"line":429,"column":2},"end":{"line":438,"column":2}}},"23":{"name":"subVaultCollateral","line":449,"loc":{"start":{"line":447,"column":2},"end":{"line":461,"column":2}}},"24":{"name":"addVaultDebt","line":471,"loc":{"start":{"line":469,"column":2},"end":{"line":487,"column":2}}},"25":{"name":"subVaultDebt","line":498,"loc":{"start":{"line":496,"column":2},"end":{"line":515,"column":2}}},"26":{"name":"_addToTotalDebt","line":523,"loc":{"start":{"line":523,"column":2},"end":{"line":528,"column":2}}},"27":{"name":"_subFromTotalDebt","line":533,"loc":{"start":{"line":533,"column":2},"end":{"line":538,"column":2}}},"28":{"name":"_transferFrom","line":540,"loc":{"start":{"line":540,"column":2},"end":{"line":546,"column":2}}},"29":{"name":"supportsInterface","line":548,"loc":{"start":{"line":548,"column":2},"end":{"line":556,"column":2}}}},"statementMap":{"1":{"start":{"line":60,"column":4},"end":{"line":60,"column":37}},"2":{"start":{"line":61,"column":4},"end":{"line":61,"column":43}},"3":{"start":{"line":63,"column":4},"end":{"line":63,"column":37}},"4":{"start":{"line":64,"column":4},"end":{"line":64,"column":18}},"5":{"start":{"line":65,"column":4},"end":{"line":65,"column":17}},"6":{"start":{"line":66,"column":4},"end":{"line":66,"column":23}},"7":{"start":{"line":68,"column":4},"end":{"line":68,"column":29}},"8":{"start":{"line":70,"column":4},"end":{"line":70,"column":52}},"9":{"start":{"line":72,"column":4},"end":{"line":72,"column":25}},"10":{"start":{"line":73,"column":4},"end":{"line":73,"column":40}},"11":{"start":{"line":75,"column":4},"end":{"line":75,"column":61}},"12":{"start":{"line":82,"column":4},"end":{"line":82,"column":59}},"13":{"start":{"line":83,"column":4},"end":{"line":83,"column":71}},"14":{"start":{"line":84,"column":4},"end":{"line":84,"column":74}},"15":{"start":{"line":91,"column":4},"end":{"line":91,"column":2754}},"16":{"start":{"line":102,"column":4},"end":{"line":102,"column":34}},"17":{"start":{"line":112,"column":4},"end":{"line":112,"column":3196}},"18":{"start":{"line":116,"column":4},"end":{"line":116,"column":29}},"19":{"start":{"line":126,"column":4},"end":{"line":126,"column":77}},"20":{"start":{"line":127,"column":4},"end":{"line":127,"column":52}},"21":{"start":{"line":134,"column":4},"end":{"line":134,"column":47}},"22":{"start":{"line":135,"column":4},"end":{"line":135,"column":23}},"23":{"start":{"line":145,"column":4},"end":{"line":145,"column":4033}},"24":{"start":{"line":149,"column":4},"end":{"line":149,"column":33}},"25":{"start":{"line":156,"column":4},"end":{"line":156,"column":22}},"26":{"start":{"line":163,"column":4},"end":{"line":163,"column":22}},"27":{"start":{"line":170,"column":4},"end":{"line":170,"column":61}},"28":{"start":{"line":171,"column":4},"end":{"line":171,"column":23}},"29":{"start":{"line":179,"column":4},"end":{"line":179,"column":58}},"30":{"start":{"line":180,"column":4},"end":{"line":180,"column":25}},"31":{"start":{"line":187,"column":4},"end":{"line":187,"column":19}},"32":{"start":{"line":203,"column":4},"end":{"line":203,"column":32}},"33":{"start":{"line":204,"column":4},"end":{"line":204,"column":29}},"34":{"start":{"line":207,"column":4},"end":{"line":207,"column":59}},"35":{"start":{"line":208,"column":4},"end":{"line":208,"column":40}},"36":{"start":{"line":211,"column":4},"end":{"line":211,"column":44}},"37":{"start":{"line":212,"column":4},"end":{"line":212,"column":28}},"38":{"start":{"line":215,"column":4},"end":{"line":215,"column":59}},"39":{"start":{"line":216,"column":4},"end":{"line":216,"column":52}},"40":{"start":{"line":218,"column":4},"end":{"line":218,"column":47}},"41":{"start":{"line":229,"column":4},"end":{"line":229,"column":6191}},"42":{"start":{"line":235,"column":4},"end":{"line":235,"column":70}},"43":{"start":{"line":238,"column":4},"end":{"line":238,"column":63}},"44":{"start":{"line":248,"column":4},"end":{"line":248,"column":28}},"45":{"start":{"line":250,"column":4},"end":{"line":250,"column":48}},"46":{"start":{"line":252,"column":4},"end":{"line":252,"column":36}},"47":{"start":{"line":253,"column":4},"end":{"line":253,"column":38}},"48":{"start":{"line":255,"column":4},"end":{"line":255,"column":44}},"49":{"start":{"line":257,"column":4},"end":{"line":257,"column":32}},"50":{"start":{"line":259,"column":4},"end":{"line":259,"column":21}},"51":{"start":{"line":278,"column":4},"end":{"line":278,"column":64}},"52":{"start":{"line":280,"column":4},"end":{"line":280,"column":7437}},"53":{"start":{"line":281,"column":6},"end":{"line":281,"column":77}},"54":{"start":{"line":284,"column":4},"end":{"line":284,"column":17}},"55":{"start":{"line":291,"column":4},"end":{"line":291,"column":30}},"56":{"start":{"line":304,"column":4},"end":{"line":304,"column":27}},"57":{"start":{"line":307,"column":4},"end":{"line":307,"column":17}},"58":{"start":{"line":309,"column":4},"end":{"line":309,"column":21}},"59":{"start":{"line":311,"column":4},"end":{"line":311,"column":47}},"60":{"start":{"line":329,"column":4},"end":{"line":329,"column":8575}},"61":{"start":{"line":334,"column":4},"end":{"line":334,"column":61}},"62":{"start":{"line":336,"column":4},"end":{"line":336,"column":8748}},"63":{"start":{"line":337,"column":6},"end":{"line":337,"column":8787}},"64":{"start":{"line":343,"column":4},"end":{"line":343,"column":43}},"65":{"start":{"line":344,"column":4},"end":{"line":344,"column":57}},"66":{"start":{"line":346,"column":4},"end":{"line":346,"column":44}},"67":{"start":{"line":360,"column":4},"end":{"line":360,"column":59}},"68":{"start":{"line":361,"column":4},"end":{"line":361,"column":9506}},"69":{"start":{"line":369,"column":4},"end":{"line":369,"column":70}},"70":{"start":{"line":371,"column":4},"end":{"line":371,"column":9751}},"71":{"start":{"line":376,"column":4},"end":{"line":376,"column":9918}},"72":{"start":{"line":379,"column":4},"end":{"line":379,"column":58}},"73":{"start":{"line":381,"column":4},"end":{"line":381,"column":61}},"74":{"start":{"line":383,"column":4},"end":{"line":383,"column":10107}},"75":{"start":{"line":388,"column":4},"end":{"line":388,"column":47}},"76":{"start":{"line":390,"column":4},"end":{"line":390,"column":35}},"77":{"start":{"line":391,"column":4},"end":{"line":391,"column":35}},"78":{"start":{"line":393,"column":4},"end":{"line":393,"column":10400}},"79":{"start":{"line":396,"column":4},"end":{"line":396,"column":42}},"80":{"start":{"line":397,"column":4},"end":{"line":397,"column":43}},"81":{"start":{"line":399,"column":4},"end":{"line":399,"column":47}},"82":{"start":{"line":401,"column":4},"end":{"line":401,"column":36}},"83":{"start":{"line":403,"column":4},"end":{"line":403,"column":17}},"84":{"start":{"line":405,"column":4},"end":{"line":405,"column":29}},"85":{"start":{"line":407,"column":4},"end":{"line":407,"column":75}},"86":{"start":{"line":418,"column":4},"end":{"line":418,"column":61}},"87":{"start":{"line":419,"column":4},"end":{"line":419,"column":52}},"88":{"start":{"line":422,"column":4},"end":{"line":422,"column":43}},"89":{"start":{"line":433,"column":4},"end":{"line":433,"column":62}},"90":{"start":{"line":434,"column":4},"end":{"line":434,"column":53}},"91":{"start":{"line":437,"column":4},"end":{"line":437,"column":44}},"92":{"start":{"line":451,"column":4},"end":{"line":451,"column":11832}},"93":{"start":{"line":455,"column":4},"end":{"line":455,"column":61}},"94":{"start":{"line":457,"column":4},"end":{"line":457,"column":52}},"95":{"start":{"line":460,"column":4},"end":{"line":460,"column":43}},"96":{"start":{"line":473,"column":4},"end":{"line":473,"column":45}},"97":{"start":{"line":475,"column":4},"end":{"line":475,"column":36}},"98":{"start":{"line":476,"column":4},"end":{"line":476,"column":12461}},"99":{"start":{"line":481,"column":4},"end":{"line":481,"column":53}},"100":{"start":{"line":482,"column":4},"end":{"line":482,"column":44}},"101":{"start":{"line":484,"column":4},"end":{"line":484,"column":26}},"102":{"start":{"line":486,"column":4},"end":{"line":486,"column":35}},"103":{"start":{"line":500,"column":4},"end":{"line":500,"column":75}},"104":{"start":{"line":502,"column":4},"end":{"line":502,"column":13098}},"105":{"start":{"line":507,"column":4},"end":{"line":507,"column":45}},"106":{"start":{"line":508,"column":4},"end":{"line":508,"column":36}},"107":{"start":{"line":510,"column":4},"end":{"line":510,"column":53}},"108":{"start":{"line":511,"column":4},"end":{"line":511,"column":44}},"109":{"start":{"line":513,"column":4},"end":{"line":513,"column":28}},"110":{"start":{"line":514,"column":4},"end":{"line":514,"column":35}},"111":{"start":{"line":524,"column":4},"end":{"line":524,"column":40}},"112":{"start":{"line":525,"column":4},"end":{"line":525,"column":72}},"113":{"start":{"line":527,"column":4},"end":{"line":527,"column":22}},"114":{"start":{"line":534,"column":4},"end":{"line":534,"column":59}},"115":{"start":{"line":535,"column":4},"end":{"line":535,"column":40}},"116":{"start":{"line":537,"column":4},"end":{"line":537,"column":22}},"117":{"start":{"line":545,"column":4},"end":{"line":545,"column":31}},"118":{"start":{"line":555,"column":4},"end":{"line":555,"column":47}}},"branchMap":{"1":{"line":82,"type":"if","locations":[{"start":{"line":82,"column":4},"end":{"line":82,"column":4}},{"start":{"line":82,"column":4},"end":{"line":82,"column":4}}]},"2":{"line":83,"type":"if","locations":[{"start":{"line":83,"column":4},"end":{"line":83,"column":4}},{"start":{"line":83,"column":4},"end":{"line":83,"column":4}}]},"3":{"line":84,"type":"if","locations":[{"start":{"line":84,"column":4},"end":{"line":84,"column":4}},{"start":{"line":84,"column":4},"end":{"line":84,"column":4}}]},"4":{"line":91,"type":"if","locations":[{"start":{"line":91,"column":4},"end":{"line":91,"column":4}},{"start":{"line":91,"column":4},"end":{"line":91,"column":4}}]},"5":{"line":112,"type":"if","locations":[{"start":{"line":112,"column":4},"end":{"line":112,"column":4}},{"start":{"line":112,"column":4},"end":{"line":112,"column":4}}]},"6":{"line":126,"type":"if","locations":[{"start":{"line":126,"column":4},"end":{"line":126,"column":4}},{"start":{"line":126,"column":4},"end":{"line":126,"column":4}}]},"7":{"line":134,"type":"if","locations":[{"start":{"line":134,"column":4},"end":{"line":134,"column":4}},{"start":{"line":134,"column":4},"end":{"line":134,"column":4}}]},"8":{"line":145,"type":"if","locations":[{"start":{"line":145,"column":4},"end":{"line":145,"column":4}},{"start":{"line":145,"column":4},"end":{"line":145,"column":4}}]},"9":{"line":170,"type":"if","locations":[{"start":{"line":170,"column":4},"end":{"line":170,"column":4}},{"start":{"line":170,"column":4},"end":{"line":170,"column":4}}]},"10":{"line":278,"type":"if","locations":[{"start":{"line":278,"column":4},"end":{"line":278,"column":4}},{"start":{"line":278,"column":4},"end":{"line":278,"column":4}}]},"11":{"line":280,"type":"if","locations":[{"start":{"line":280,"column":4},"end":{"line":280,"column":4}},{"start":{"line":280,"column":4},"end":{"line":280,"column":4}}]},"12":{"line":329,"type":"if","locations":[{"start":{"line":329,"column":4},"end":{"line":329,"column":4}},{"start":{"line":329,"column":4},"end":{"line":329,"column":4}}]},"13":{"line":336,"type":"if","locations":[{"start":{"line":336,"column":4},"end":{"line":336,"column":4}},{"start":{"line":336,"column":4},"end":{"line":336,"column":4}}]},"14":{"line":337,"type":"if","locations":[{"start":{"line":337,"column":6},"end":{"line":337,"column":6}},{"start":{"line":337,"column":6},"end":{"line":337,"column":6}}]},"15":{"line":360,"type":"if","locations":[{"start":{"line":360,"column":4},"end":{"line":360,"column":4}},{"start":{"line":360,"column":4},"end":{"line":360,"column":4}}]},"16":{"line":371,"type":"if","locations":[{"start":{"line":371,"column":4},"end":{"line":371,"column":4}},{"start":{"line":371,"column":4},"end":{"line":371,"column":4}}]},"17":{"line":383,"type":"if","locations":[{"start":{"line":383,"column":4},"end":{"line":383,"column":4}},{"start":{"line":383,"column":4},"end":{"line":383,"column":4}}]},"18":{"line":451,"type":"if","locations":[{"start":{"line":451,"column":4},"end":{"line":451,"column":4}},{"start":{"line":451,"column":4},"end":{"line":451,"column":4}}]},"19":{"line":476,"type":"if","locations":[{"start":{"line":476,"column":4},"end":{"line":476,"column":4}},{"start":{"line":476,"column":4},"end":{"line":476,"column":4}}]},"20":{"line":500,"type":"if","locations":[{"start":{"line":500,"column":4},"end":{"line":500,"column":4}},{"start":{"line":500,"column":4},"end":{"line":500,"column":4}}]},"21":{"line":502,"type":"if","locations":[{"start":{"line":502,"column":4},"end":{"line":502,"column":4}},{"start":{"line":502,"column":4},"end":{"line":502,"column":4}}]},"22":{"line":525,"type":"if","locations":[{"start":{"line":525,"column":4},"end":{"line":525,"column":4}},{"start":{"line":525,"column":4},"end":{"line":525,"column":4}}]},"23":{"line":534,"type":"if","locations":[{"start":{"line":534,"column":4},"end":{"line":534,"column":4}},{"start":{"line":534,"column":4},"end":{"line":534,"column":4}}]}}},"apps/avai/src/contracts/interfaces/IBaseVault.sol":{"l":{},"path":"/home/bromma/ursa/apps/avai/src/contracts/interfaces/IBaseVault.sol","s":{},"b":{},"f":{},"fnMap":{},"statementMap":{},"branchMap":{}},"apps/avai/src/contracts/interfaces/IStablecoin.sol":{"l":{},"path":"/home/bromma/ursa/apps/avai/src/contracts/interfaces/IStablecoin.sol","s":{},"b":{},"f":{},"fnMap":{},"statementMap":{},"branchMap":{}},"apps/avai/src/contracts/interfaces/IStakingRewards.sol":{"l":{},"path":"/home/bromma/ursa/apps/avai/src/contracts/interfaces/IStakingRewards.sol","s":{},"b":{},"f":{},"fnMap":{},"statementMap":{},"branchMap":{}},"apps/avai/src/contracts/interfaces/IVault.sol":{"l":{},"path":"/home/bromma/ursa/apps/avai/src/contracts/interfaces/IVault.sol","s":{},"b":{},"f":{},"fnMap":{},"statementMap":{},"branchMap":{}},"apps/avai/src/contracts/interfaces/IWAVAX.sol":{"l":{},"path":"/home/bromma/ursa/apps/avai/src/contracts/interfaces/IWAVAX.sol","s":{},"b":{},"f":{},"fnMap":{},"statementMap":{},"branchMap":{}},"apps/avai/src/contracts/Stablecoin.sol":{"l":{"33":54,"40":0,"41":0,"46":0,"53":1,"61":0,"63":0,"65":0,"66":0,"68":0,"70":0,"90":0,"91":0,"92":0,"93":0,"98":0,"99":0,"101":0,"110":0,"111":0,"112":0,"127":0,"128":0,"129":0,"135":0,"139":0,"140":0,"141":0,"143":0,"145":0,"147":0},"path":"/home/bromma/ursa/apps/avai/src/contracts/Stablecoin.sol","s":{"1":54,"2":0,"3":0,"4":1,"5":0,"6":0,"7":0,"8":0,"9":0,"10":0,"11":0,"12":0,"13":0,"14":0,"15":0,"16":0,"17":0,"18":0,"19":0,"20":0,"21":0,"22":0,"23":0,"24":0,"25":0,"26":0,"27":0,"28":0,"29":0,"30":0},"b":{"1":[0,0],"2":[0,0],"3":[0,0],"4":[0,0],"5":[0,0],"6":[0,0],"7":[0,0],"8":[0,0],"9":[0,0],"10":[0,0]},"f":{"1":54,"2":0,"3":1,"4":0,"5":0,"6":0},"fnMap":{"1":{"name":"constructor","line":31,"loc":{"start":{"line":31,"column":2},"end":{"line":34,"column":2}}},"2":{"name":"onlyVaultOwner","line":39,"loc":{"start":{"line":39,"column":2},"end":{"line":47,"column":2}}},"3":{"name":"burn","line":52,"loc":{"start":{"line":52,"column":2},"end":{"line":54,"column":2}}},"4":{"name":"addVault","line":59,"loc":{"start":{"line":59,"column":2},"end":{"line":71,"column":2}}},"5":{"name":"borrowToken","line":89,"loc":{"start":{"line":85,"column":2},"end":{"line":113,"column":2}}},"6":{"name":"payBackToken","line":126,"loc":{"start":{"line":122,"column":2},"end":{"line":148,"column":2}}}},"statementMap":{"1":{"start":{"line":33,"column":4},"end":{"line":33,"column":45}},"2":{"start":{"line":40,"column":4},"end":{"line":40,"column":77}},"3":{"start":{"line":41,"column":4},"end":{"line":41,"column":1428}},"4":{"start":{"line":53,"column":4},"end":{"line":53,"column":22}},"5":{"start":{"line":61,"column":4},"end":{"line":61,"column":24}},"6":{"start":{"line":63,"column":4},"end":{"line":63,"column":44}},"7":{"start":{"line":65,"column":4},"end":{"line":65,"column":47}},"8":{"start":{"line":66,"column":4},"end":{"line":66,"column":33}},"9":{"start":{"line":68,"column":4},"end":{"line":68,"column":40}},"10":{"start":{"line":70,"column":4},"end":{"line":70,"column":50}},"11":{"start":{"line":90,"column":4},"end":{"line":90,"column":63}},"12":{"start":{"line":91,"column":4},"end":{"line":91,"column":77}},"13":{"start":{"line":92,"column":4},"end":{"line":92,"column":53}},"14":{"start":{"line":93,"column":4},"end":{"line":93,"column":2958}},"15":{"start":{"line":98,"column":4},"end":{"line":98,"column":67}},"16":{"start":{"line":99,"column":4},"end":{"line":99,"column":57}},"17":{"start":{"line":101,"column":4},"end":{"line":101,"column":3242}},"18":{"start":{"line":110,"column":4},"end":{"line":110,"column":50}},"19":{"start":{"line":111,"column":4},"end":{"line":111,"column":28}},"20":{"start":{"line":112,"column":4},"end":{"line":112,"column":37}},"21":{"start":{"line":127,"column":4},"end":{"line":127,"column":63}},"22":{"start":{"line":128,"column":4},"end":{"line":128,"column":68}},"23":{"start":{"line":129,"column":4},"end":{"line":129,"column":4123}},"24":{"start":{"line":135,"column":4},"end":{"line":135,"column":4323}},"25":{"start":{"line":139,"column":4},"end":{"line":139,"column":50}},"26":{"start":{"line":140,"column":4},"end":{"line":140,"column":61}},"27":{"start":{"line":141,"column":4},"end":{"line":141,"column":60}},"28":{"start":{"line":143,"column":4},"end":{"line":143,"column":50}},"29":{"start":{"line":145,"column":4},"end":{"line":145,"column":28}},"30":{"start":{"line":147,"column":4},"end":{"line":147,"column":51}}},"branchMap":{"1":{"line":40,"type":"if","locations":[{"start":{"line":40,"column":4},"end":{"line":40,"column":4}},{"start":{"line":40,"column":4},"end":{"line":40,"column":4}}]},"2":{"line":41,"type":"if","locations":[{"start":{"line":41,"column":4},"end":{"line":41,"column":4}},{"start":{"line":41,"column":4},"end":{"line":41,"column":4}}]},"3":{"line":90,"type":"if","locations":[{"start":{"line":90,"column":4},"end":{"line":90,"column":4}},{"start":{"line":90,"column":4},"end":{"line":90,"column":4}}]},"4":{"line":91,"type":"if","locations":[{"start":{"line":91,"column":4},"end":{"line":91,"column":4}},{"start":{"line":91,"column":4},"end":{"line":91,"column":4}}]},"5":{"line":92,"type":"if","locations":[{"start":{"line":92,"column":4},"end":{"line":92,"column":4}},{"start":{"line":92,"column":4},"end":{"line":92,"column":4}}]},"6":{"line":93,"type":"if","locations":[{"start":{"line":93,"column":4},"end":{"line":93,"column":4}},{"start":{"line":93,"column":4},"end":{"line":93,"column":4}}]},"7":{"line":101,"type":"if","locations":[{"start":{"line":101,"column":4},"end":{"line":101,"column":4}},{"start":{"line":101,"column":4},"end":{"line":101,"column":4}}]},"8":{"line":127,"type":"if","locations":[{"start":{"line":127,"column":4},"end":{"line":127,"column":4}},{"start":{"line":127,"column":4},"end":{"line":127,"column":4}}]},"9":{"line":128,"type":"if","locations":[{"start":{"line":128,"column":4},"end":{"line":128,"column":4}},{"start":{"line":128,"column":4},"end":{"line":128,"column":4}}]},"10":{"line":129,"type":"if","locations":[{"start":{"line":129,"column":4},"end":{"line":129,"column":4}},{"start":{"line":129,"column":4},"end":{"line":129,"column":4}}]}}},"apps/avai/src/contracts/UrsaStablecoin.sol":{"l":{"15":2},"path":"/home/bromma/ursa/apps/avai/src/contracts/UrsaStablecoin.sol","s":{"1":2},"b":{},"f":{"1":54,"2":2},"fnMap":{"1":{"name":"constructor","line":9,"loc":{"start":{"line":9,"column":2},"end":{"line":9,"column":52}}},"2":{"name":"mint","line":13,"loc":{"start":{"line":11,"column":2},"end":{"line":16,"column":2}}}},"statementMap":{"1":{"start":{"line":15,"column":4},"end":{"line":15,"column":25}}},"branchMap":{}},"apps/avai/src/contracts/Vaults/AvaxVault.sol":{"l":{"27":33,"28":33,"29":33,"36":1,"37":1,"51":0,"53":0,"55":0,"57":0,"75":0,"80":0,"82":0,"83":0,"89":0,"90":0,"92":0,"110":0,"112":0,"113":0,"116":0,"118":0,"119":0,"120":0,"121":0,"123":0},"path":"/home/bromma/ursa/apps/avai/src/contracts/Vaults/AvaxVault.sol","s":{"1":33,"2":33,"3":33,"4":1,"5":1,"6":0,"7":0,"8":0,"9":0,"10":0,"11":0,"12":0,"13":0,"14":0,"15":0,"16":0,"17":0,"18":0,"19":0,"20":0,"21":0},"b":{"1":[0,0],"2":[0,0],"3":[0,0],"4":[0,0],"5":[0,0]},"f":{"1":33,"2":1,"3":0,"4":0,"5":0},"fnMap":{"1":{"name":"constructor","line":23,"loc":{"start":{"line":8,"column":2},"end":{"line":30,"column":2}}},"2":{"name":"changeTreasury","line":35,"loc":{"start":{"line":35,"column":2},"end":{"line":38,"column":2}}},"3":{"name":"depositCollateral","line":49,"loc":{"start":{"line":46,"column":2},"end":{"line":58,"column":2}}},"4":{"name":"withdrawCollateral","line":73,"loc":{"start":{"line":69,"column":2},"end":{"line":93,"column":2}}},"5":{"name":"destroyVault","line":108,"loc":{"start":{"line":104,"column":2},"end":{"line":124,"column":2}}}},"statementMap":{"1":{"start":{"line":27,"column":4},"end":{"line":27,"column":45}},"2":{"start":{"line":28,"column":4},"end":{"line":28,"column":40}},"3":{"start":{"line":29,"column":4},"end":{"line":29,"column":46}},"4":{"start":{"line":36,"column":4},"end":{"line":36,"column":32}},"5":{"start":{"line":37,"column":4},"end":{"line":37,"column":40}},"6":{"start":{"line":51,"column":4},"end":{"line":51,"column":64}},"7":{"start":{"line":53,"column":4},"end":{"line":53,"column":52}},"8":{"start":{"line":55,"column":4},"end":{"line":55,"column":43}},"9":{"start":{"line":57,"column":4},"end":{"line":57,"column":46}},"10":{"start":{"line":75,"column":4},"end":{"line":75,"column":1853}},"11":{"start":{"line":80,"column":4},"end":{"line":80,"column":61}},"12":{"start":{"line":82,"column":4},"end":{"line":82,"column":2026}},"13":{"start":{"line":83,"column":6},"end":{"line":83,"column":2065}},"14":{"start":{"line":89,"column":4},"end":{"line":89,"column":43}},"15":{"start":{"line":90,"column":4},"end":{"line":90,"column":39}},"16":{"start":{"line":92,"column":4},"end":{"line":92,"column":44}},"17":{"start":{"line":110,"column":4},"end":{"line":110,"column":64}},"18":{"start":{"line":112,"column":4},"end":{"line":112,"column":2767}},"19":{"start":{"line":113,"column":6},"end":{"line":113,"column":59}},"20":{"start":{"line":116,"column":4},"end":{"line":116,"column":17}},"21":{"start":{"line":123,"column":4},"end":{"line":123,"column":30}}},"branchMap":{"1":{"line":75,"type":"if","locations":[{"start":{"line":75,"column":4},"end":{"line":75,"column":4}},{"start":{"line":75,"column":4},"end":{"line":75,"column":4}}]},"2":{"line":82,"type":"if","locations":[{"start":{"line":82,"column":4},"end":{"line":82,"column":4}},{"start":{"line":82,"column":4},"end":{"line":82,"column":4}}]},"3":{"line":83,"type":"if","locations":[{"start":{"line":83,"column":6},"end":{"line":83,"column":6}},{"start":{"line":83,"column":6},"end":{"line":83,"column":6}}]},"4":{"line":110,"type":"if","locations":[{"start":{"line":110,"column":4},"end":{"line":110,"column":4}},{"start":{"line":110,"column":4},"end":{"line":110,"column":4}}]},"5":{"line":112,"type":"if","locations":[{"start":{"line":112,"column":4},"end":{"line":112,"column":4}},{"start":{"line":112,"column":4},"end":{"line":112,"column":4}}]}}},"apps/avai/src/contracts/Vaults/ERC20vault.sol":{"l":{"29":0,"30":0,"43":0,"45":0,"47":0,"49":0,"51":0},"path":"/home/bromma/ursa/apps/avai/src/contracts/Vaults/ERC20vault.sol","s":{"1":0,"2":0,"3":0,"4":0,"5":0,"6":0,"7":0},"b":{},"f":{"1":0,"2":0},"fnMap":{"1":{"name":"constructor","line":26,"loc":{"start":{"line":11,"column":2},"end":{"line":31,"column":2}}},"2":{"name":"depositCollateral","line":41,"loc":{"start":{"line":39,"column":2},"end":{"line":52,"column":2}}}},"statementMap":{"1":{"start":{"line":29,"column":4},"end":{"line":29,"column":45}},"2":{"start":{"line":30,"column":4},"end":{"line":30,"column":40}},"3":{"start":{"line":43,"column":4},"end":{"line":43,"column":61}},"4":{"start":{"line":45,"column":4},"end":{"line":45,"column":52}},"5":{"start":{"line":47,"column":4},"end":{"line":47,"column":43}},"6":{"start":{"line":49,"column":4},"end":{"line":49,"column":57}},"7":{"start":{"line":51,"column":4},"end":{"line":51,"column":43}}},"branchMap":{}}}