{"apps/avai/src/contracts/BaseVault.sol":{"l":{"66":147,"67":147,"69":147,"70":147,"71":147,"72":147,"74":147,"76":147,"78":147,"79":147,"81":147,"88":53,"89":49,"90":44,"96":1,"100":1,"110":7,"114":6,"124":3,"125":2,"132":2,"133":1,"143":5,"147":4,"154":1,"161":1,"168":20,"169":19,"177":83,"178":83,"185":74,"201":14,"202":14,"205":14,"206":14,"209":14,"210":14,"213":14,"214":14,"216":14,"227":13,"233":13,"236":13,"246":38,"248":38,"250":38,"252":38,"254":38,"273":0,"275":0,"276":0,"282":0,"284":0,"285":0,"286":0,"288":0,"302":1,"304":1,"306":1,"328":12,"329":11,"334":10,"335":10,"337":10,"343":9,"345":9,"346":9,"361":8,"365":7,"371":6,"374":6,"375":6,"376":6,"379":6,"381":6,"399":0,"404":0,"406":0,"407":0,"413":0,"414":0,"419":0,"437":1,"438":1,"446":1,"448":1,"453":1,"456":1,"458":1,"460":1,"465":1,"467":1,"469":1,"472":1,"473":1,"475":1,"477":1,"479":1,"481":1,"483":1,"491":6,"492":6,"495":6,"506":6,"510":6,"512":6,"515":6,"525":9,"527":9,"528":9,"533":9,"534":9,"536":9,"538":9,"549":6,"551":6,"556":6,"557":6,"559":6,"560":6,"562":6,"563":6,"573":9,"574":9,"576":9,"583":7,"584":7,"586":7,"594":0,"604":0,"612":44},"path":"/home/bromma/ursa/apps/avai/src/contracts/BaseVault.sol","s":{"1":147,"2":147,"3":147,"4":147,"5":147,"6":147,"7":147,"8":147,"9":147,"10":147,"11":147,"12":53,"13":49,"14":1,"15":7,"16":6,"17":3,"18":2,"19":2,"20":1,"21":5,"22":4,"23":1,"24":1,"25":20,"26":19,"27":83,"28":83,"29":74,"30":14,"31":14,"32":14,"33":14,"34":14,"35":14,"36":14,"37":14,"38":14,"39":13,"40":13,"41":13,"42":38,"43":38,"44":38,"45":38,"46":38,"47":0,"48":0,"49":0,"50":0,"51":0,"52":1,"53":1,"54":1,"55":12,"56":11,"57":10,"58":10,"59":10,"60":9,"61":9,"62":9,"63":8,"64":7,"65":6,"66":6,"67":6,"68":6,"69":6,"70":6,"71":0,"72":0,"73":0,"74":0,"75":0,"76":0,"77":0,"78":1,"79":1,"80":1,"81":1,"82":1,"83":1,"84":1,"85":1,"86":1,"87":1,"88":1,"89":1,"90":1,"91":1,"92":1,"93":1,"94":1,"95":1,"96":6,"97":6,"98":6,"99":6,"100":6,"101":6,"102":6,"103":9,"104":9,"105":9,"106":9,"107":9,"108":9,"109":9,"110":6,"111":6,"112":6,"113":6,"114":6,"115":6,"116":6,"117":6,"118":9,"119":9,"120":9,"121":7,"122":7,"123":7,"124":0,"125":0,"126":44},"b":{"1":[49,4],"2":[44,5],"3":[1,0],"4":[6,1],"5":[2,1],"6":[1,1],"7":[4,1],"8":[19,1],"9":[0,0],"10":[0,0],"11":[0,0],"12":[11,1],"13":[10,1],"14":[9,1],"15":[7,1],"16":[6,1],"17":[0,0],"18":[0,0],"19":[0,0],"20":[0,0],"21":[1,0],"22":[1,0],"23":[1,0],"24":[6,0],"25":[9,0],"26":[6,0],"27":[6,0],"28":[9,0],"29":[7,0]},"f":{"1":147,"2":53,"3":1,"4":7,"5":3,"6":2,"7":5,"8":1,"9":1,"10":20,"11":83,"12":74,"13":14,"14":13,"15":38,"16":0,"17":1,"18":12,"19":8,"20":0,"21":1,"22":6,"23":6,"24":9,"25":6,"26":9,"27":7,"28":0,"29":0,"30":44},"fnMap":{"1":{"name":"constructor","line":65,"loc":{"start":{"line":58,"column":2},"end":{"line":82,"column":2}}},"2":{"name":"onlyVaultOwner","line":87,"loc":{"start":{"line":87,"column":2},"end":{"line":91,"column":2}}},"3":{"name":"onlyLiquidater","line":95,"loc":{"start":{"line":95,"column":2},"end":{"line":101,"column":2}}},"4":{"name":"setDebtCeiling","line":108,"loc":{"start":{"line":106,"column":2},"end":{"line":115,"column":2}}},"5":{"name":"setPriceSource","line":122,"loc":{"start":{"line":120,"column":2},"end":{"line":126,"column":2}}},"6":{"name":"setTokenPeg","line":131,"loc":{"start":{"line":131,"column":2},"end":{"line":134,"column":2}}},"7":{"name":"setStabiltyPool","line":141,"loc":{"start":{"line":139,"column":2},"end":{"line":148,"column":2}}},"8":{"name":"setClosingFee","line":153,"loc":{"start":{"line":153,"column":2},"end":{"line":155,"column":2}}},"9":{"name":"setOpeningFee","line":160,"loc":{"start":{"line":160,"column":2},"end":{"line":162,"column":2}}},"10":{"name":"setTreasury","line":167,"loc":{"start":{"line":167,"column":2},"end":{"line":170,"column":2}}},"11":{"name":"getPriceSource","line":175,"loc":{"start":{"line":175,"column":2},"end":{"line":179,"column":2}}},"12":{"name":"getPricePeg","line":184,"loc":{"start":{"line":184,"column":2},"end":{"line":186,"column":2}}},"13":{"name":"calculateCollateralProperties","line":196,"loc":{"start":{"line":196,"column":2},"end":{"line":217,"column":2}}},"14":{"name":"isValidCollateral","line":222,"loc":{"start":{"line":222,"column":2},"end":{"line":237,"column":2}}},"15":{"name":"createVault","line":244,"loc":{"start":{"line":244,"column":2},"end":{"line":255,"column":2}}},"16":{"name":"destroyVault","line":271,"loc":{"start":{"line":266,"column":2},"end":{"line":289,"column":2}}},"17":{"name":"transferVault","line":299,"loc":{"start":{"line":296,"column":2},"end":{"line":307,"column":2}}},"18":{"name":"borrowToken","line":326,"loc":{"start":{"line":323,"column":2},"end":{"line":347,"column":2}}},"19":{"name":"payBackToken","line":359,"loc":{"start":{"line":356,"column":2},"end":{"line":382,"column":2}}},"20":{"name":"withdrawCollateral","line":397,"loc":{"start":{"line":393,"column":2},"end":{"line":420,"column":2}}},"21":{"name":"buyRiskyVault","line":435,"loc":{"start":{"line":432,"column":2},"end":{"line":484,"column":2}}},"22":{"name":"_addVaultCollateralTreasury","line":490,"loc":{"start":{"line":490,"column":2},"end":{"line":496,"column":2}}},"23":{"name":"_subVaultCollateral","line":505,"loc":{"start":{"line":505,"column":2},"end":{"line":516,"column":2}}},"24":{"name":"_addVaultDebt","line":524,"loc":{"start":{"line":524,"column":2},"end":{"line":539,"column":2}}},"25":{"name":"_subVaultDebt","line":548,"loc":{"start":{"line":548,"column":2},"end":{"line":564,"column":2}}},"26":{"name":"_addToTotalDebt","line":572,"loc":{"start":{"line":572,"column":2},"end":{"line":577,"column":2}}},"27":{"name":"_subFromTotalDebt","line":582,"loc":{"start":{"line":582,"column":2},"end":{"line":587,"column":2}}},"28":{"name":"_transfer","line":589,"loc":{"start":{"line":589,"column":2},"end":{"line":595,"column":2}}},"29":{"name":"supportsInterface","line":597,"loc":{"start":{"line":597,"column":2},"end":{"line":605,"column":2}}},"30":{"name":"_beforeTokenTransfer","line":607,"loc":{"start":{"line":607,"column":2},"end":{"line":613,"column":2}}}},"statementMap":{"1":{"start":{"line":66,"column":4},"end":{"line":66,"column":37}},"2":{"start":{"line":67,"column":4},"end":{"line":67,"column":43}},"3":{"start":{"line":69,"column":4},"end":{"line":69,"column":22}},"4":{"start":{"line":70,"column":4},"end":{"line":70,"column":18}},"5":{"start":{"line":71,"column":4},"end":{"line":71,"column":17}},"6":{"start":{"line":72,"column":4},"end":{"line":72,"column":17}},"7":{"start":{"line":74,"column":4},"end":{"line":74,"column":29}},"8":{"start":{"line":76,"column":4},"end":{"line":76,"column":52}},"9":{"start":{"line":78,"column":4},"end":{"line":78,"column":25}},"10":{"start":{"line":79,"column":4},"end":{"line":79,"column":40}},"11":{"start":{"line":81,"column":4},"end":{"line":81,"column":61}},"12":{"start":{"line":88,"column":4},"end":{"line":88,"column":59}},"13":{"start":{"line":89,"column":4},"end":{"line":89,"column":71}},"14":{"start":{"line":96,"column":4},"end":{"line":96,"column":2719}},"15":{"start":{"line":110,"column":4},"end":{"line":110,"column":3010}},"16":{"start":{"line":114,"column":4},"end":{"line":114,"column":29}},"17":{"start":{"line":124,"column":4},"end":{"line":124,"column":77}},"18":{"start":{"line":125,"column":4},"end":{"line":125,"column":52}},"19":{"start":{"line":132,"column":4},"end":{"line":132,"column":47}},"20":{"start":{"line":133,"column":4},"end":{"line":133,"column":23}},"21":{"start":{"line":143,"column":4},"end":{"line":143,"column":3847}},"22":{"start":{"line":147,"column":4},"end":{"line":147,"column":33}},"23":{"start":{"line":154,"column":4},"end":{"line":154,"column":22}},"24":{"start":{"line":161,"column":4},"end":{"line":161,"column":22}},"25":{"start":{"line":168,"column":4},"end":{"line":168,"column":61}},"26":{"start":{"line":169,"column":4},"end":{"line":169,"column":23}},"27":{"start":{"line":177,"column":4},"end":{"line":177,"column":58}},"28":{"start":{"line":178,"column":4},"end":{"line":178,"column":25}},"29":{"start":{"line":185,"column":4},"end":{"line":185,"column":19}},"30":{"start":{"line":201,"column":4},"end":{"line":201,"column":32}},"31":{"start":{"line":202,"column":4},"end":{"line":202,"column":29}},"32":{"start":{"line":205,"column":4},"end":{"line":205,"column":59}},"33":{"start":{"line":206,"column":4},"end":{"line":206,"column":40}},"34":{"start":{"line":209,"column":4},"end":{"line":209,"column":44}},"35":{"start":{"line":210,"column":4},"end":{"line":210,"column":28}},"36":{"start":{"line":213,"column":4},"end":{"line":213,"column":59}},"37":{"start":{"line":214,"column":4},"end":{"line":214,"column":52}},"38":{"start":{"line":216,"column":4},"end":{"line":216,"column":47}},"39":{"start":{"line":227,"column":4},"end":{"line":227,"column":6007}},"40":{"start":{"line":233,"column":4},"end":{"line":233,"column":70}},"41":{"start":{"line":236,"column":4},"end":{"line":236,"column":63}},"42":{"start":{"line":246,"column":4},"end":{"line":246,"column":28}},"43":{"start":{"line":248,"column":4},"end":{"line":248,"column":48}},"44":{"start":{"line":250,"column":4},"end":{"line":250,"column":36}},"45":{"start":{"line":252,"column":4},"end":{"line":252,"column":44}},"46":{"start":{"line":254,"column":4},"end":{"line":254,"column":32}},"47":{"start":{"line":273,"column":4},"end":{"line":273,"column":64}},"48":{"start":{"line":275,"column":4},"end":{"line":275,"column":7148}},"49":{"start":{"line":276,"column":6},"end":{"line":276,"column":7193}},"50":{"start":{"line":282,"column":4},"end":{"line":282,"column":17}},"51":{"start":{"line":288,"column":4},"end":{"line":288,"column":30}},"52":{"start":{"line":302,"column":4},"end":{"line":302,"column":17}},"53":{"start":{"line":304,"column":4},"end":{"line":304,"column":21}},"54":{"start":{"line":306,"column":4},"end":{"line":306,"column":47}},"55":{"start":{"line":328,"column":4},"end":{"line":328,"column":53}},"56":{"start":{"line":329,"column":4},"end":{"line":329,"column":8441}},"57":{"start":{"line":334,"column":4},"end":{"line":334,"column":49}},"58":{"start":{"line":335,"column":4},"end":{"line":335,"column":39}},"59":{"start":{"line":337,"column":4},"end":{"line":337,"column":8636}},"60":{"start":{"line":343,"column":4},"end":{"line":343,"column":33}},"61":{"start":{"line":345,"column":4},"end":{"line":345,"column":38}},"62":{"start":{"line":346,"column":4},"end":{"line":346,"column":37}},"63":{"start":{"line":361,"column":4},"end":{"line":361,"column":9317}},"64":{"start":{"line":365,"column":4},"end":{"line":365,"column":9417}},"65":{"start":{"line":371,"column":4},"end":{"line":371,"column":9581}},"66":{"start":{"line":374,"column":4},"end":{"line":374,"column":33}},"67":{"start":{"line":375,"column":4},"end":{"line":375,"column":44}},"68":{"start":{"line":376,"column":4},"end":{"line":376,"column":43}},"69":{"start":{"line":379,"column":4},"end":{"line":379,"column":38}},"70":{"start":{"line":381,"column":4},"end":{"line":381,"column":51}},"71":{"start":{"line":399,"column":4},"end":{"line":399,"column":10330}},"72":{"start":{"line":404,"column":4},"end":{"line":404,"column":61}},"73":{"start":{"line":406,"column":4},"end":{"line":406,"column":10503}},"74":{"start":{"line":407,"column":6},"end":{"line":407,"column":10542}},"75":{"start":{"line":413,"column":4},"end":{"line":413,"column":43}},"76":{"start":{"line":414,"column":4},"end":{"line":414,"column":10750}},"77":{"start":{"line":419,"column":4},"end":{"line":419,"column":44}},"78":{"start":{"line":437,"column":4},"end":{"line":437,"column":59}},"79":{"start":{"line":438,"column":4},"end":{"line":438,"column":11347}},"80":{"start":{"line":446,"column":4},"end":{"line":446,"column":70}},"81":{"start":{"line":448,"column":4},"end":{"line":448,"column":11592}},"82":{"start":{"line":453,"column":4},"end":{"line":453,"column":11759}},"83":{"start":{"line":456,"column":4},"end":{"line":456,"column":58}},"84":{"start":{"line":458,"column":4},"end":{"line":458,"column":61}},"85":{"start":{"line":460,"column":4},"end":{"line":460,"column":11948}},"86":{"start":{"line":465,"column":4},"end":{"line":465,"column":44}},"87":{"start":{"line":467,"column":4},"end":{"line":467,"column":35}},"88":{"start":{"line":469,"column":4},"end":{"line":469,"column":12199}},"89":{"start":{"line":472,"column":4},"end":{"line":472,"column":42}},"90":{"start":{"line":473,"column":4},"end":{"line":473,"column":43}},"91":{"start":{"line":475,"column":4},"end":{"line":475,"column":46}},"92":{"start":{"line":477,"column":4},"end":{"line":477,"column":36}},"93":{"start":{"line":479,"column":4},"end":{"line":479,"column":17}},"94":{"start":{"line":481,"column":4},"end":{"line":481,"column":29}},"95":{"start":{"line":483,"column":4},"end":{"line":483,"column":75}},"96":{"start":{"line":491,"column":4},"end":{"line":491,"column":62}},"97":{"start":{"line":492,"column":4},"end":{"line":492,"column":53}},"98":{"start":{"line":495,"column":4},"end":{"line":495,"column":44}},"99":{"start":{"line":506,"column":4},"end":{"line":506,"column":13189}},"100":{"start":{"line":510,"column":4},"end":{"line":510,"column":61}},"101":{"start":{"line":512,"column":4},"end":{"line":512,"column":52}},"102":{"start":{"line":515,"column":4},"end":{"line":515,"column":43}},"103":{"start":{"line":525,"column":4},"end":{"line":525,"column":45}},"104":{"start":{"line":527,"column":4},"end":{"line":527,"column":36}},"105":{"start":{"line":528,"column":4},"end":{"line":528,"column":13780}},"106":{"start":{"line":533,"column":4},"end":{"line":533,"column":53}},"107":{"start":{"line":534,"column":4},"end":{"line":534,"column":44}},"108":{"start":{"line":536,"column":4},"end":{"line":536,"column":26}},"109":{"start":{"line":538,"column":4},"end":{"line":538,"column":35}},"110":{"start":{"line":549,"column":4},"end":{"line":549,"column":75}},"111":{"start":{"line":551,"column":4},"end":{"line":551,"column":14379}},"112":{"start":{"line":556,"column":4},"end":{"line":556,"column":45}},"113":{"start":{"line":557,"column":4},"end":{"line":557,"column":36}},"114":{"start":{"line":559,"column":4},"end":{"line":559,"column":53}},"115":{"start":{"line":560,"column":4},"end":{"line":560,"column":44}},"116":{"start":{"line":562,"column":4},"end":{"line":562,"column":28}},"117":{"start":{"line":563,"column":4},"end":{"line":563,"column":35}},"118":{"start":{"line":573,"column":4},"end":{"line":573,"column":40}},"119":{"start":{"line":574,"column":4},"end":{"line":574,"column":72}},"120":{"start":{"line":576,"column":4},"end":{"line":576,"column":22}},"121":{"start":{"line":583,"column":4},"end":{"line":583,"column":59}},"122":{"start":{"line":584,"column":4},"end":{"line":584,"column":40}},"123":{"start":{"line":586,"column":4},"end":{"line":586,"column":22}},"124":{"start":{"line":594,"column":4},"end":{"line":594,"column":31}},"125":{"start":{"line":604,"column":4},"end":{"line":604,"column":47}},"126":{"start":{"line":612,"column":4},"end":{"line":612,"column":48}}},"branchMap":{"1":{"line":88,"type":"if","locations":[{"start":{"line":88,"column":4},"end":{"line":88,"column":4}},{"start":{"line":88,"column":4},"end":{"line":88,"column":4}}]},"2":{"line":89,"type":"if","locations":[{"start":{"line":89,"column":4},"end":{"line":89,"column":4}},{"start":{"line":89,"column":4},"end":{"line":89,"column":4}}]},"3":{"line":96,"type":"if","locations":[{"start":{"line":96,"column":4},"end":{"line":96,"column":4}},{"start":{"line":96,"column":4},"end":{"line":96,"column":4}}]},"4":{"line":110,"type":"if","locations":[{"start":{"line":110,"column":4},"end":{"line":110,"column":4}},{"start":{"line":110,"column":4},"end":{"line":110,"column":4}}]},"5":{"line":124,"type":"if","locations":[{"start":{"line":124,"column":4},"end":{"line":124,"column":4}},{"start":{"line":124,"column":4},"end":{"line":124,"column":4}}]},"6":{"line":132,"type":"if","locations":[{"start":{"line":132,"column":4},"end":{"line":132,"column":4}},{"start":{"line":132,"column":4},"end":{"line":132,"column":4}}]},"7":{"line":143,"type":"if","locations":[{"start":{"line":143,"column":4},"end":{"line":143,"column":4}},{"start":{"line":143,"column":4},"end":{"line":143,"column":4}}]},"8":{"line":168,"type":"if","locations":[{"start":{"line":168,"column":4},"end":{"line":168,"column":4}},{"start":{"line":168,"column":4},"end":{"line":168,"column":4}}]},"9":{"line":273,"type":"if","locations":[{"start":{"line":273,"column":4},"end":{"line":273,"column":4}},{"start":{"line":273,"column":4},"end":{"line":273,"column":4}}]},"10":{"line":275,"type":"if","locations":[{"start":{"line":275,"column":4},"end":{"line":275,"column":4}},{"start":{"line":275,"column":4},"end":{"line":275,"column":4}}]},"11":{"line":276,"type":"if","locations":[{"start":{"line":276,"column":6},"end":{"line":276,"column":6}},{"start":{"line":276,"column":6},"end":{"line":276,"column":6}}]},"12":{"line":328,"type":"if","locations":[{"start":{"line":328,"column":4},"end":{"line":328,"column":4}},{"start":{"line":328,"column":4},"end":{"line":328,"column":4}}]},"13":{"line":329,"type":"if","locations":[{"start":{"line":329,"column":4},"end":{"line":329,"column":4}},{"start":{"line":329,"column":4},"end":{"line":329,"column":4}}]},"14":{"line":337,"type":"if","locations":[{"start":{"line":337,"column":4},"end":{"line":337,"column":4}},{"start":{"line":337,"column":4},"end":{"line":337,"column":4}}]},"15":{"line":361,"type":"if","locations":[{"start":{"line":361,"column":4},"end":{"line":361,"column":4}},{"start":{"line":361,"column":4},"end":{"line":361,"column":4}}]},"16":{"line":365,"type":"if","locations":[{"start":{"line":365,"column":4},"end":{"line":365,"column":4}},{"start":{"line":365,"column":4},"end":{"line":365,"column":4}}]},"17":{"line":399,"type":"if","locations":[{"start":{"line":399,"column":4},"end":{"line":399,"column":4}},{"start":{"line":399,"column":4},"end":{"line":399,"column":4}}]},"18":{"line":406,"type":"if","locations":[{"start":{"line":406,"column":4},"end":{"line":406,"column":4}},{"start":{"line":406,"column":4},"end":{"line":406,"column":4}}]},"19":{"line":407,"type":"if","locations":[{"start":{"line":407,"column":6},"end":{"line":407,"column":6}},{"start":{"line":407,"column":6},"end":{"line":407,"column":6}}]},"20":{"line":414,"type":"if","locations":[{"start":{"line":414,"column":4},"end":{"line":414,"column":4}},{"start":{"line":414,"column":4},"end":{"line":414,"column":4}}]},"21":{"line":437,"type":"if","locations":[{"start":{"line":437,"column":4},"end":{"line":437,"column":4}},{"start":{"line":437,"column":4},"end":{"line":437,"column":4}}]},"22":{"line":448,"type":"if","locations":[{"start":{"line":448,"column":4},"end":{"line":448,"column":4}},{"start":{"line":448,"column":4},"end":{"line":448,"column":4}}]},"23":{"line":460,"type":"if","locations":[{"start":{"line":460,"column":4},"end":{"line":460,"column":4}},{"start":{"line":460,"column":4},"end":{"line":460,"column":4}}]},"24":{"line":506,"type":"if","locations":[{"start":{"line":506,"column":4},"end":{"line":506,"column":4}},{"start":{"line":506,"column":4},"end":{"line":506,"column":4}}]},"25":{"line":528,"type":"if","locations":[{"start":{"line":528,"column":4},"end":{"line":528,"column":4}},{"start":{"line":528,"column":4},"end":{"line":528,"column":4}}]},"26":{"line":549,"type":"if","locations":[{"start":{"line":549,"column":4},"end":{"line":549,"column":4}},{"start":{"line":549,"column":4},"end":{"line":549,"column":4}}]},"27":{"line":551,"type":"if","locations":[{"start":{"line":551,"column":4},"end":{"line":551,"column":4}},{"start":{"line":551,"column":4},"end":{"line":551,"column":4}}]},"28":{"line":574,"type":"if","locations":[{"start":{"line":574,"column":4},"end":{"line":574,"column":4}},{"start":{"line":574,"column":4},"end":{"line":574,"column":4}}]},"29":{"line":583,"type":"if","locations":[{"start":{"line":583,"column":4},"end":{"line":583,"column":4}},{"start":{"line":583,"column":4},"end":{"line":583,"column":4}}]}}},"apps/avai/src/contracts/interfaces/IBaseVault.sol":{"l":{},"path":"/home/bromma/ursa/apps/avai/src/contracts/interfaces/IBaseVault.sol","s":{},"b":{},"f":{},"fnMap":{},"statementMap":{},"branchMap":{}},"apps/avai/src/contracts/interfaces/ILiquidator.sol":{"l":{},"path":"/home/bromma/ursa/apps/avai/src/contracts/interfaces/ILiquidator.sol","s":{},"b":{},"f":{},"fnMap":{},"statementMap":{},"branchMap":{}},"apps/avai/src/contracts/interfaces/IStablecoin.sol":{"l":{},"path":"/home/bromma/ursa/apps/avai/src/contracts/interfaces/IStablecoin.sol","s":{},"b":{},"f":{},"fnMap":{},"statementMap":{},"branchMap":{}},"apps/avai/src/contracts/interfaces/IVault.sol":{"l":{},"path":"/home/bromma/ursa/apps/avai/src/contracts/interfaces/IVault.sol","s":{},"b":{},"f":{},"fnMap":{},"statementMap":{},"branchMap":{}},"apps/avai/src/contracts/interfaces/IWAVAX.sol":{"l":{},"path":"/home/bromma/ursa/apps/avai/src/contracts/interfaces/IWAVAX.sol","s":{},"b":{},"f":{},"fnMap":{},"statementMap":{},"branchMap":{}},"apps/avai/src/contracts/Liquidator.sol":{"l":{"26":9,"30":9,"32":9,"33":9,"35":9,"36":9,"38":9,"41":9,"48":1,"52":1,"53":1,"60":1,"67":1,"83":16,"84":16,"86":16,"88":16,"90":16,"92":16,"94":16,"96":16,"98":16,"109":0,"114":0,"116":0,"124":2,"125":1,"127":1,"128":1,"135":6,"136":6,"144":6,"146":6,"156":6,"157":6,"162":6,"164":6,"171":4,"172":4,"177":4,"180":4,"196":0,"197":0,"198":0,"200":0,"201":0,"203":0,"217":0,"218":0,"229":5,"231":4,"232":4,"236":4,"239":4,"241":3,"242":3,"244":3,"250":1,"252":1,"255":1,"258":1,"261":1,"264":1},"path":"/home/bromma/ursa/apps/avai/src/contracts/Liquidator.sol","s":{"1":9,"2":9,"3":9,"4":9,"5":9,"6":9,"7":9,"8":9,"9":1,"10":1,"11":1,"12":1,"13":1,"14":16,"15":16,"16":16,"17":16,"18":16,"19":16,"20":16,"21":16,"22":16,"23":0,"24":0,"25":0,"26":2,"27":1,"28":1,"29":1,"30":6,"31":6,"32":6,"33":6,"34":6,"35":6,"36":6,"37":6,"38":4,"39":4,"40":4,"41":4,"42":0,"43":0,"44":0,"45":0,"46":0,"47":0,"48":0,"49":0,"50":5,"51":4,"52":4,"53":4,"54":4,"55":3,"56":3,"57":3,"58":1,"59":1,"60":1,"61":1,"62":1,"63":1},"b":{"1":[9,0],"2":[9,0],"3":[1,0],"4":[1,1],"5":[6,0],"6":[4,2],"7":[6,0],"8":[4,0],"9":[0,0],"10":[0,0],"11":[4,1],"12":[4,0],"13":[1,2]},"f":{"1":9,"2":1,"3":1,"4":1,"5":16,"6":0,"7":2,"8":6,"9":6,"10":4,"11":0,"12":0,"13":5},"fnMap":{"1":{"name":"constructor","line":25,"loc":{"start":{"line":25,"column":2},"end":{"line":42,"column":2}}},"2":{"name":"setTreasury","line":47,"loc":{"start":{"line":47,"column":2},"end":{"line":54,"column":2}}},"3":{"name":"setGainRatio","line":59,"loc":{"start":{"line":59,"column":2},"end":{"line":61,"column":2}}},"4":{"name":"setDebtRatio","line":66,"loc":{"start":{"line":66,"column":2},"end":{"line":68,"column":2}}},"5":{"name":"calculateCollateralProperties","line":78,"loc":{"start":{"line":78,"column":2},"end":{"line":99,"column":2}}},"6":{"name":"isValidCollateral","line":104,"loc":{"start":{"line":104,"column":2},"end":{"line":117,"column":2}}},"7":{"name":"getPaid","line":123,"loc":{"start":{"line":123,"column":2},"end":{"line":129,"column":2}}},"8":{"name":"checkLiquidation","line":134,"loc":{"start":{"line":134,"column":2},"end":{"line":150,"column":2}}},"9":{"name":"checkCost","line":155,"loc":{"start":{"line":155,"column":2},"end":{"line":165,"column":2}}},"10":{"name":"checkExtract","line":170,"loc":{"start":{"line":170,"column":2},"end":{"line":181,"column":2}}},"11":{"name":"checkValid","line":186,"loc":{"start":{"line":186,"column":2},"end":{"line":209,"column":2}}},"12":{"name":"checkCollat","line":212,"loc":{"start":{"line":212,"column":2},"end":{"line":223,"column":2}}},"13":{"name":"liquidateVault","line":228,"loc":{"start":{"line":228,"column":2},"end":{"line":265,"column":2}}}},"statementMap":{"1":{"start":{"line":26,"column":4},"end":{"line":26,"column":687}},"2":{"start":{"line":30,"column":4},"end":{"line":30,"column":72}},"3":{"start":{"line":32,"column":4},"end":{"line":32,"column":39}},"4":{"start":{"line":33,"column":4},"end":{"line":33,"column":28}},"5":{"start":{"line":35,"column":4},"end":{"line":35,"column":16}},"6":{"start":{"line":36,"column":4},"end":{"line":36,"column":17}},"7":{"start":{"line":38,"column":4},"end":{"line":38,"column":37}},"8":{"start":{"line":41,"column":4},"end":{"line":41,"column":24}},"9":{"start":{"line":48,"column":4},"end":{"line":48,"column":1284}},"10":{"start":{"line":52,"column":4},"end":{"line":52,"column":26}},"11":{"start":{"line":53,"column":4},"end":{"line":53,"column":34}},"12":{"start":{"line":60,"column":4},"end":{"line":60,"column":25}},"13":{"start":{"line":67,"column":4},"end":{"line":67,"column":25}},"14":{"start":{"line":83,"column":4},"end":{"line":83,"column":38}},"15":{"start":{"line":84,"column":4},"end":{"line":84,"column":35}},"16":{"start":{"line":86,"column":4},"end":{"line":86,"column":65}},"17":{"start":{"line":88,"column":4},"end":{"line":88,"column":40}},"18":{"start":{"line":90,"column":4},"end":{"line":90,"column":50}},"19":{"start":{"line":92,"column":4},"end":{"line":92,"column":28}},"20":{"start":{"line":94,"column":4},"end":{"line":94,"column":59}},"21":{"start":{"line":96,"column":4},"end":{"line":96,"column":52}},"22":{"start":{"line":98,"column":4},"end":{"line":98,"column":47}},"23":{"start":{"line":109,"column":4},"end":{"line":109,"column":2712}},"24":{"start":{"line":114,"column":4},"end":{"line":114,"column":70}},"25":{"start":{"line":116,"column":4},"end":{"line":116,"column":63}},"26":{"start":{"line":124,"column":4},"end":{"line":124,"column":70}},"27":{"start":{"line":125,"column":4},"end":{"line":125,"column":42}},"28":{"start":{"line":127,"column":4},"end":{"line":127,"column":28}},"29":{"start":{"line":128,"column":4},"end":{"line":128,"column":39}},"30":{"start":{"line":135,"column":4},"end":{"line":135,"column":62}},"31":{"start":{"line":136,"column":4},"end":{"line":136,"column":3540}},"32":{"start":{"line":144,"column":4},"end":{"line":144,"column":70}},"33":{"start":{"line":146,"column":4},"end":{"line":146,"column":3799}},"34":{"start":{"line":156,"column":4},"end":{"line":156,"column":62}},"35":{"start":{"line":157,"column":4},"end":{"line":157,"column":4126}},"36":{"start":{"line":162,"column":4},"end":{"line":162,"column":30}},"37":{"start":{"line":164,"column":4},"end":{"line":164,"column":32}},"38":{"start":{"line":171,"column":4},"end":{"line":171,"column":62}},"39":{"start":{"line":172,"column":4},"end":{"line":172,"column":4533}},"40":{"start":{"line":177,"column":4},"end":{"line":177,"column":4713}},"41":{"start":{"line":180,"column":4},"end":{"line":180,"column":23}},"42":{"start":{"line":196,"column":4},"end":{"line":196,"column":62}},"43":{"start":{"line":197,"column":4},"end":{"line":197,"column":42}},"44":{"start":{"line":198,"column":4},"end":{"line":198,"column":49}},"45":{"start":{"line":200,"column":4},"end":{"line":200,"column":74}},"46":{"start":{"line":201,"column":4},"end":{"line":201,"column":59}},"47":{"start":{"line":203,"column":4},"end":{"line":203,"column":5292}},"48":{"start":{"line":217,"column":4},"end":{"line":217,"column":62}},"49":{"start":{"line":218,"column":4},"end":{"line":218,"column":5610}},"50":{"start":{"line":229,"column":4},"end":{"line":229,"column":62}},"51":{"start":{"line":231,"column":4},"end":{"line":231,"column":59}},"52":{"start":{"line":232,"column":4},"end":{"line":232,"column":6053}},"53":{"start":{"line":236,"column":4},"end":{"line":236,"column":45}},"54":{"start":{"line":239,"column":4},"end":{"line":239,"column":29}},"55":{"start":{"line":241,"column":4},"end":{"line":241,"column":49}},"56":{"start":{"line":242,"column":4},"end":{"line":242,"column":42}},"57":{"start":{"line":244,"column":4},"end":{"line":244,"column":6399}},"58":{"start":{"line":250,"column":4},"end":{"line":250,"column":32}},"59":{"start":{"line":252,"column":4},"end":{"line":252,"column":60}},"60":{"start":{"line":255,"column":4},"end":{"line":255,"column":43}},"61":{"start":{"line":258,"column":4},"end":{"line":258,"column":51}},"62":{"start":{"line":261,"column":4},"end":{"line":261,"column":41}},"63":{"start":{"line":264,"column":4},"end":{"line":264,"column":63}}},"branchMap":{"1":{"line":26,"type":"if","locations":[{"start":{"line":26,"column":4},"end":{"line":26,"column":4}},{"start":{"line":26,"column":4},"end":{"line":26,"column":4}}]},"2":{"line":30,"type":"if","locations":[{"start":{"line":30,"column":4},"end":{"line":30,"column":4}},{"start":{"line":30,"column":4},"end":{"line":30,"column":4}}]},"3":{"line":48,"type":"if","locations":[{"start":{"line":48,"column":4},"end":{"line":48,"column":4}},{"start":{"line":48,"column":4},"end":{"line":48,"column":4}}]},"4":{"line":124,"type":"if","locations":[{"start":{"line":124,"column":4},"end":{"line":124,"column":4}},{"start":{"line":124,"column":4},"end":{"line":124,"column":4}}]},"5":{"line":135,"type":"if","locations":[{"start":{"line":135,"column":4},"end":{"line":135,"column":4}},{"start":{"line":135,"column":4},"end":{"line":135,"column":4}}]},"6":{"line":146,"type":"if","locations":[{"start":{"line":146,"column":4},"end":{"line":146,"column":4}},{"start":{"line":146,"column":4},"end":{"line":146,"column":4}}]},"7":{"line":156,"type":"if","locations":[{"start":{"line":156,"column":4},"end":{"line":156,"column":4}},{"start":{"line":156,"column":4},"end":{"line":156,"column":4}}]},"8":{"line":171,"type":"if","locations":[{"start":{"line":171,"column":4},"end":{"line":171,"column":4}},{"start":{"line":171,"column":4},"end":{"line":171,"column":4}}]},"9":{"line":196,"type":"if","locations":[{"start":{"line":196,"column":4},"end":{"line":196,"column":4}},{"start":{"line":196,"column":4},"end":{"line":196,"column":4}}]},"10":{"line":217,"type":"if","locations":[{"start":{"line":217,"column":4},"end":{"line":217,"column":4}},{"start":{"line":217,"column":4},"end":{"line":217,"column":4}}]},"11":{"line":229,"type":"if","locations":[{"start":{"line":229,"column":4},"end":{"line":229,"column":4}},{"start":{"line":229,"column":4},"end":{"line":229,"column":4}}]},"12":{"line":232,"type":"if","locations":[{"start":{"line":232,"column":4},"end":{"line":232,"column":4}},{"start":{"line":232,"column":4},"end":{"line":232,"column":4}}]},"13":{"line":244,"type":"if","locations":[{"start":{"line":244,"column":4},"end":{"line":244,"column":4}},{"start":{"line":244,"column":4},"end":{"line":244,"column":4}}]}}},"apps/avai/src/contracts/Liquidators/AvaxLiquidator.sol":{"l":{},"path":"/home/bromma/ursa/apps/avai/src/contracts/Liquidators/AvaxLiquidator.sol","s":{},"b":{},"f":{"1":9},"fnMap":{"1":{"name":"constructor","line":8,"loc":{"start":{"line":7,"column":2},"end":{"line":9,"column":3}}}},"statementMap":{},"branchMap":{}},"apps/avai/src/contracts/Stablecoin.sol":{"l":{"30":168,"37":2,"44":8,"54":13,"65":19,"67":19,"69":19,"70":19,"72":19,"73":19,"75":19},"path":"/home/bromma/ursa/apps/avai/src/contracts/Stablecoin.sol","s":{"1":168,"2":2,"3":8,"4":13,"5":19,"6":19,"7":19,"8":19,"9":19,"10":19,"11":19},"b":{},"f":{"1":168,"2":2,"3":8,"4":13,"5":19},"fnMap":{"1":{"name":"constructor","line":28,"loc":{"start":{"line":28,"column":2},"end":{"line":31,"column":2}}},"2":{"name":"vaultCount","line":36,"loc":{"start":{"line":36,"column":2},"end":{"line":38,"column":2}}},"3":{"name":"burn","line":43,"loc":{"start":{"line":43,"column":2},"end":{"line":45,"column":2}}},"4":{"name":"mint","line":52,"loc":{"start":{"line":50,"column":2},"end":{"line":55,"column":2}}},"5":{"name":"addVault","line":62,"loc":{"start":{"line":60,"column":2},"end":{"line":76,"column":2}}}},"statementMap":{"1":{"start":{"line":30,"column":4},"end":{"line":30,"column":45}},"2":{"start":{"line":37,"column":4},"end":{"line":37,"column":30}},"3":{"start":{"line":44,"column":4},"end":{"line":44,"column":22}},"4":{"start":{"line":54,"column":4},"end":{"line":54,"column":25}},"5":{"start":{"line":65,"column":4},"end":{"line":65,"column":24}},"6":{"start":{"line":67,"column":4},"end":{"line":67,"column":44}},"7":{"start":{"line":69,"column":4},"end":{"line":69,"column":47}},"8":{"start":{"line":70,"column":4},"end":{"line":70,"column":33}},"9":{"start":{"line":72,"column":4},"end":{"line":72,"column":40}},"10":{"start":{"line":73,"column":4},"end":{"line":73,"column":40}},"11":{"start":{"line":75,"column":4},"end":{"line":75,"column":50}}},"branchMap":{}},"apps/avai/src/contracts/test/FakePriceSource.sol":{"l":{"8":3,"22":41,"23":41,"24":41,"25":41,"26":41},"path":"/home/bromma/ursa/apps/avai/src/contracts/test/FakePriceSource.sol","s":{"1":3,"2":41,"3":41,"4":41,"5":41,"6":41},"b":{},"f":{"1":3,"2":41},"fnMap":{"1":{"name":"constructor","line":7,"loc":{"start":{"line":7,"column":2},"end":{"line":9,"column":2}}},"2":{"name":"latestRoundData","line":11,"loc":{"start":{"line":11,"column":2},"end":{"line":27,"column":2}}}},"statementMap":{"1":{"start":{"line":8,"column":4},"end":{"line":8,"column":17}},"2":{"start":{"line":22,"column":4},"end":{"line":22,"column":14}},"3":{"start":{"line":23,"column":4},"end":{"line":23,"column":17}},"4":{"start":{"line":24,"column":4},"end":{"line":24,"column":16}},"5":{"start":{"line":25,"column":4},"end":{"line":25,"column":16}},"6":{"start":{"line":26,"column":4},"end":{"line":26,"column":29}}},"branchMap":{}},"apps/avai/src/contracts/UrsaStablecoin.sol":{"l":{},"path":"/home/bromma/ursa/apps/avai/src/contracts/UrsaStablecoin.sol","s":{},"b":{},"f":{"1":168},"fnMap":{"1":{"name":"constructor","line":7,"loc":{"start":{"line":7,"column":2},"end":{"line":7,"column":52}}}},"statementMap":{},"branchMap":{}},"apps/avai/src/contracts/Vaults/AvaxVault.sol":{"l":{"27":147,"28":147,"29":147,"36":1,"37":1,"51":14,"53":14,"55":14,"57":14,"75":6,"80":6,"82":6,"83":3,"89":5,"90":5,"92":5,"110":3,"112":2,"113":2,"116":2,"118":2,"119":2,"120":2,"122":2},"path":"/home/bromma/ursa/apps/avai/src/contracts/Vaults/AvaxVault.sol","s":{"1":147,"2":147,"3":147,"4":1,"5":1,"6":14,"7":14,"8":14,"9":14,"10":6,"11":6,"12":6,"13":3,"14":5,"15":5,"16":5,"17":3,"18":2,"19":2,"20":2,"21":2},"b":{"1":[6,0],"2":[3,3],"3":[2,1],"4":[2,1],"5":[2,0]},"f":{"1":147,"2":1,"3":14,"4":6,"5":3},"fnMap":{"1":{"name":"constructor","line":23,"loc":{"start":{"line":8,"column":2},"end":{"line":30,"column":2}}},"2":{"name":"changeTreasury","line":35,"loc":{"start":{"line":35,"column":2},"end":{"line":38,"column":2}}},"3":{"name":"depositCollateral","line":49,"loc":{"start":{"line":46,"column":2},"end":{"line":58,"column":2}}},"4":{"name":"withdrawCollateral","line":73,"loc":{"start":{"line":69,"column":2},"end":{"line":93,"column":2}}},"5":{"name":"destroyVault","line":108,"loc":{"start":{"line":104,"column":2},"end":{"line":123,"column":2}}}},"statementMap":{"1":{"start":{"line":27,"column":4},"end":{"line":27,"column":45}},"2":{"start":{"line":28,"column":4},"end":{"line":28,"column":40}},"3":{"start":{"line":29,"column":4},"end":{"line":29,"column":46}},"4":{"start":{"line":36,"column":4},"end":{"line":36,"column":32}},"5":{"start":{"line":37,"column":4},"end":{"line":37,"column":40}},"6":{"start":{"line":51,"column":4},"end":{"line":51,"column":64}},"7":{"start":{"line":53,"column":4},"end":{"line":53,"column":52}},"8":{"start":{"line":55,"column":4},"end":{"line":55,"column":43}},"9":{"start":{"line":57,"column":4},"end":{"line":57,"column":46}},"10":{"start":{"line":75,"column":4},"end":{"line":75,"column":1859}},"11":{"start":{"line":80,"column":4},"end":{"line":80,"column":61}},"12":{"start":{"line":82,"column":4},"end":{"line":82,"column":2032}},"13":{"start":{"line":83,"column":6},"end":{"line":83,"column":2071}},"14":{"start":{"line":89,"column":4},"end":{"line":89,"column":43}},"15":{"start":{"line":90,"column":4},"end":{"line":90,"column":39}},"16":{"start":{"line":92,"column":4},"end":{"line":92,"column":44}},"17":{"start":{"line":110,"column":4},"end":{"line":110,"column":64}},"18":{"start":{"line":112,"column":4},"end":{"line":112,"column":2773}},"19":{"start":{"line":113,"column":6},"end":{"line":113,"column":59}},"20":{"start":{"line":116,"column":4},"end":{"line":116,"column":17}},"21":{"start":{"line":122,"column":4},"end":{"line":122,"column":30}}},"branchMap":{"1":{"line":75,"type":"if","locations":[{"start":{"line":75,"column":4},"end":{"line":75,"column":4}},{"start":{"line":75,"column":4},"end":{"line":75,"column":4}}]},"2":{"line":82,"type":"if","locations":[{"start":{"line":82,"column":4},"end":{"line":82,"column":4}},{"start":{"line":82,"column":4},"end":{"line":82,"column":4}}]},"3":{"line":83,"type":"if","locations":[{"start":{"line":83,"column":6},"end":{"line":83,"column":6}},{"start":{"line":83,"column":6},"end":{"line":83,"column":6}}]},"4":{"line":110,"type":"if","locations":[{"start":{"line":110,"column":4},"end":{"line":110,"column":4}},{"start":{"line":110,"column":4},"end":{"line":110,"column":4}}]},"5":{"line":112,"type":"if","locations":[{"start":{"line":112,"column":4},"end":{"line":112,"column":4}},{"start":{"line":112,"column":4},"end":{"line":112,"column":4}}]}}}}